<?xml version="1.0" encoding="UTF-8"?>
<testng-results skipped="0" failed="0" total="1" passed="1">
  <reporter-output>
  </reporter-output>
  <suite name="Default suite" duration-ms="11064" started-at="2014-03-05T18:15:13Z" finished-at="2014-03-05T18:15:24Z">
    <groups>
    </groups>
    <test name="Default test" duration-ms="11064" started-at="2014-03-05T18:15:13Z" finished-at="2014-03-05T18:15:24Z">
      <class name="test.OpenStackTest">
        <test-method status="PASS" signature="rtestTokens()[pri:0, instance:test.OpenStackTest@64633e5e]" name="rtestTokens" duration-ms="11047" started-at="2014-03-05T19:15:13Z" finished-at="2014-03-05T19:15:24Z">
          <reporter-output>
          </reporter-output>
        </test-method> <!-- rtestTokens -->
      </class> <!-- test.OpenStackTest -->
    </test> <!-- Default test -->
  </suite> <!-- Default suite -->
</testng-results>
